<?xml version="1.0" ?>
<coverage branch-rate="0.7794" branches-covered="583" branches-valid="748" complexity="0" line-rate="0.8837" lines-covered="2165" lines-valid="2450" timestamp="1609886744561" version="5.3.1">
	<!-- Generated by coverage.py: https://coverage.readthedocs.io -->
	<!-- Based on https://raw.githubusercontent.com/cobertura/web/master/htdocs/xml/coverage-04.dtd -->
	<sources>
		<source>C:\Users\GEM7318\Documents\Github\Snowmobile\snowmobile</source>
	</sources>
	<packages>
		<package branch-rate="1" complexity="0" line-rate="0.8889" name=".">
			<classes>
				<class branch-rate="1" complexity="0" filename="__init__.py" line-rate="0.8889" name="__init__.py">
					<methods/>
					<lines>
						<line hits="1" number="7"/>
						<line hits="1" number="8"/>
						<line hits="1" number="9"/>
						<line hits="1" number="11"/>
						<line hits="1" number="28"/>
						<line hits="1" number="40"/>
						<line hits="1" number="41"/>
						<line hits="1" number="44"/>
						<line hits="0" number="46"/>
					</lines>
				</class>
			</classes>
		</package>
		<package branch-rate="0.7487" complexity="0" line-rate="0.8653" name="core">
			<classes>
				<class branch-rate="1" complexity="0" filename="core/__init__.py" line-rate="1" name="__init__.py">
					<methods/>
					<lines>
						<line hits="1" number="6"/>
						<line hits="1" number="7"/>
						<line hits="1" number="8"/>
						<line hits="1" number="9"/>
						<line hits="1" number="10"/>
						<line hits="1" number="11"/>
						<line hits="1" number="12"/>
						<line hits="1" number="13"/>
						<line hits="1" number="14"/>
						<line hits="1" number="15"/>
						<line hits="1" number="16"/>
						<line hits="1" number="17"/>
						<line hits="1" number="18"/>
						<line hits="1" number="19"/>
						<line hits="1" number="20"/>
						<line hits="1" number="21"/>
						<line hits="1" number="22"/>
						<line hits="1" number="23"/>
						<line hits="1" number="26"/>
					</lines>
				</class>
				<class branch-rate="1" complexity="0" filename="core/base.py" line-rate="0.8571" name="base.py">
					<methods/>
					<lines>
						<line hits="1" number="5"/>
						<line hits="1" number="8"/>
						<line hits="1" number="15"/>
						<line hits="1" number="16"/>
						<line hits="1" number="18"/>
						<line hits="0" number="19"/>
						<line hits="1" number="21"/>
						<line hits="1" number="22"/>
						<line hits="1" number="24"/>
						<line hits="1" number="25"/>
						<line hits="1" number="27"/>
						<line hits="1" number="28"/>
						<line hits="1" number="30"/>
						<line hits="0" number="31"/>
					</lines>
				</class>
				<class branch-rate="0.8571" complexity="0" filename="core/cache.py" line-rate="0.9298" name="cache.py">
					<methods/>
					<lines>
						<line hits="1" number="4"/>
						<line hits="1" number="6"/>
						<line hits="1" number="8"/>
						<line hits="1" number="9"/>
						<line hits="1" number="10"/>
						<line hits="1" number="12"/>
						<line hits="1" number="14"/>
						<line hits="1" number="15"/>
						<line hits="1" number="22"/>
						<line hits="1" number="25"/>
						<line hits="1" number="26"/>
						<line hits="1" number="27"/>
						<line hits="1" number="28"/>
						<line hits="1" number="29"/>
						<line branch="true" condition-coverage="50% (1/2)" hits="1" missing-branches="31" number="30"/>
						<line hits="0" number="31"/>
						<line hits="1" number="32"/>
						<line hits="1" number="33"/>
						<line branch="true" condition-coverage="50% (1/2)" hits="1" missing-branches="exit" number="34"/>
						<line hits="1" number="35"/>
						<line hits="1" number="36"/>
						<line hits="1" number="38"/>
						<line hits="1" number="41"/>
						<line hits="1" number="42"/>
						<line hits="0" number="43"/>
						<line hits="0" number="44"/>
						<line hits="1" number="46"/>
						<line hits="1" number="47"/>
						<line hits="1" number="49"/>
						<line hits="1" number="51"/>
						<line hits="1" number="53"/>
						<line hits="1" number="54"/>
						<line hits="1" number="55"/>
						<line hits="1" number="56"/>
						<line hits="1" number="58"/>
						<line hits="1" number="60"/>
						<line branch="true" condition-coverage="100% (2/2)" hits="1" number="61"/>
						<line hits="1" number="62"/>
						<line hits="1" number="63"/>
						<line hits="1" number="65"/>
						<line hits="1" number="67"/>
						<line hits="1" number="69"/>
						<line hits="1" number="71"/>
						<line branch="true" condition-coverage="100% (2/2)" hits="1" number="72"/>
						<line hits="1" number="73"/>
						<line hits="1" number="74"/>
						<line branch="true" condition-coverage="100% (2/2)" hits="1" number="77"/>
						<line hits="1" number="78"/>
						<line hits="1" number="79"/>
						<line hits="1" number="81"/>
						<line branch="true" condition-coverage="100% (2/2)" hits="1" number="83"/>
						<line hits="1" number="84"/>
						<line branch="true" condition-coverage="100% (2/2)" hits="1" number="85"/>
						<line hits="1" number="87"/>
						<line hits="1" number="89"/>
						<line hits="1" number="91"/>
						<line hits="0" number="92"/>
					</lines>
				</class>
				<class branch-rate="0.7" complexity="0" filename="core/column.py" line-rate="0.8723" name="column.py">
					<methods/>
					<lines>
						<line hits="1" number="4"/>
						<line hits="1" number="6"/>
						<line hits="1" number="7"/>
						<line hits="1" number="8"/>
						<line hits="1" number="9"/>
						<line hits="1" number="10"/>
						<line hits="1" number="12"/>
						<line hits="1" number="15"/>
						<line branch="true" condition-coverage="100% (2/2)" hits="1" number="18"/>
						<line hits="1" number="27"/>
						<line hits="1" number="34"/>
						<line hits="1" number="35"/>
						<line hits="1" number="36"/>
						<line hits="1" number="37"/>
						<line hits="1" number="38"/>
						<line hits="1" number="40"/>
						<line hits="1" number="43"/>
						<line hits="1" number="44"/>
						<line hits="1" number="45"/>
						<line hits="1" number="47"/>
						<line hits="1" number="49"/>
						<line hits="1" number="51"/>
						<line hits="1" number="52"/>
						<line hits="1" number="53"/>
						<line hits="1" number="55"/>
						<line hits="1" number="57"/>
						<line hits="1" number="58"/>
						<line hits="1" number="59"/>
						<line hits="1" number="61"/>
						<line hits="1" number="62"/>
						<line hits="0" number="77"/>
						<line branch="true" condition-coverage="0% (0/2)" hits="0" missing-branches="80,81" number="79"/>
						<line hits="0" number="80"/>
						<line hits="0" number="81"/>
						<line hits="1" number="83"/>
						<line hits="1" number="96"/>
						<line hits="1" number="97"/>
						<line branch="true" condition-coverage="100% (2/2)" hits="1" number="98"/>
						<line branch="true" condition-coverage="100% (2/2)" hits="1" number="99"/>
						<line hits="1" number="100"/>
						<line branch="true" condition-coverage="50% (1/2)" hits="1" missing-branches="103" number="101"/>
						<line hits="1" number="102"/>
						<line hits="1" number="103"/>
						<line hits="1" number="105"/>
						<line hits="0" number="106"/>
						<line hits="1" number="115"/>
						<line hits="0" number="116"/>
					</lines>
				</class>
				<class branch-rate="0.8421" complexity="0" filename="core/configuration.py" line-rate="0.9623" name="configuration.py">
					<methods/>
					<lines>
						<line hits="1" number="8"/>
						<line hits="1" number="10"/>
						<line hits="1" number="11"/>
						<line hits="1" number="12"/>
						<line hits="1" number="13"/>
						<line hits="1" number="14"/>
						<line hits="1" number="16"/>
						<line hits="1" number="17"/>
						<line hits="1" number="19"/>
						<line hits="1" number="20"/>
						<line hits="1" number="21"/>
						<line hits="1" number="24"/>
						<line hits="1" number="67"/>
						<line hits="1" number="74"/>
						<line hits="1" number="80"/>
						<line hits="1" number="83"/>
						<line hits="1" number="88"/>
						<line hits="1" number="97"/>
						<line hits="1" number="98"/>
						<line hits="1" number="99"/>
						<line hits="1" number="100"/>
						<line branch="true" condition-coverage="100% (2/2)" hits="1" number="102"/>
						<line hits="1" number="104"/>
						<line hits="1" number="105"/>
						<line hits="1" number="106"/>
						<line hits="1" number="107"/>
						<line branch="true" condition-coverage="50% (1/2)" hits="1" missing-branches="109" number="108"/>
						<line hits="0" number="109"/>
						<line hits="1" number="112"/>
						<line hits="1" number="113"/>
						<line hits="1" number="116"/>
						<line hits="1" number="122"/>
						<line hits="1" number="124"/>
						<line hits="1" number="127"/>
						<line hits="1" number="129"/>
						<line hits="1" number="130"/>
						<line branch="true" condition-coverage="100% (2/2)" hits="1" number="132"/>
						<line hits="1" number="133"/>
						<line branch="true" condition-coverage="50% (1/2)" hits="1" missing-branches="138" number="136"/>
						<line hits="1" number="137"/>
						<line branch="true" condition-coverage="50% (1/2)" hits="1" missing-branches="141" number="138"/>
						<line hits="1" number="139"/>
						<line hits="1" number="141"/>
						<line hits="1" number="142"/>
						<line hits="1" number="143"/>
						<line hits="1" number="144"/>
						<line hits="1" number="145"/>
						<line hits="1" number="147"/>
						<line hits="1" number="148"/>
						<line hits="1" number="150"/>
						<line hits="1" number="151"/>
						<line hits="1" number="155"/>
						<line hits="1" number="156"/>
						<line hits="1" number="158"/>
						<line hits="1" number="161"/>
						<line hits="1" number="163"/>
						<line hits="1" number="166"/>
						<line hits="1" number="168"/>
						<line hits="1" number="171"/>
						<line hits="1" number="173"/>
						<line hits="1" number="182"/>
						<line branch="true" condition-coverage="100% (2/2)" hits="1" number="183"/>
						<line hits="1" number="184"/>
						<line hits="1" number="185"/>
						<line hits="1" number="187"/>
						<line hits="1" number="188"/>
						<line hits="1" number="190"/>
						<line hits="1" number="193"/>
						<line hits="1" number="194"/>
						<line branch="true" condition-coverage="100% (2/2)" hits="1" number="195"/>
						<line hits="1" number="196"/>
						<line branch="true" condition-coverage="50% (1/2)" hits="1" missing-branches="201" number="197"/>
						<line branch="true" condition-coverage="100% (2/2)" hits="1" number="198"/>
						<line hits="1" number="199"/>
						<line hits="1" number="200"/>
						<line branch="true" condition-coverage="50% (1/2)" hits="1" missing-branches="exit" number="201"/>
						<line hits="1" number="202"/>
						<line hits="1" number="203"/>
						<line hits="1" number="204"/>
						<line hits="1" number="205"/>
						<line hits="1" number="207"/>
						<line hits="1" number="208"/>
						<line hits="1" number="209"/>
						<line hits="1" number="211"/>
						<line hits="1" number="212"/>
						<line branch="true" condition-coverage="100% (2/2)" hits="1" number="228"/>
						<line hits="1" number="229"/>
						<line hits="1" number="230"/>
						<line hits="1" number="232"/>
						<line hits="1" number="233"/>
						<line branch="true" condition-coverage="100% (2/2)" hits="1" number="237"/>
						<line hits="1" number="245"/>
						<line hits="1" number="246"/>
						<line branch="true" condition-coverage="100% (2/2)" hits="1" number="250"/>
						<line hits="1" number="259"/>
						<line branch="true" condition-coverage="100% (2/2)" hits="1" number="262"/>
						<line hits="1" number="268"/>
						<line hits="1" number="276"/>
						<line branch="true" condition-coverage="100% (2/2)" hits="1" number="277"/>
						<line hits="1" number="278"/>
						<line hits="1" number="279"/>
						<line branch="true" condition-coverage="50% (1/2)" hits="1" missing-branches="exit" number="280"/>
						<line hits="1" number="282"/>
						<line branch="true" condition-coverage="100% (2/2)" hits="1" number="284"/>
						<line hits="1" number="286"/>
						<line hits="1" number="288"/>
						<line branch="true" condition-coverage="100% (2/2)" hits="1" number="289"/>
						<line branch="true" condition-coverage="100% (2/2)" hits="1" number="290"/>
						<line hits="1" number="291"/>
						<line hits="1" number="292"/>
						<line hits="1" number="294"/>
						<line hits="1" number="295"/>
						<line hits="1" number="297"/>
						<line hits="1" number="298"/>
						<line hits="1" number="304"/>
						<line hits="1" number="307"/>
						<line hits="1" number="308"/>
						<line hits="1" number="312"/>
						<line hits="1" number="313"/>
						<line hits="1" number="315"/>
						<line hits="1" number="316"/>
						<line hits="1" number="317"/>
						<line hits="1" number="321"/>
						<line hits="1" number="322"/>
						<line hits="1" number="323"/>
						<line hits="1" number="325"/>
						<line hits="1" number="326"/>
						<line hits="1" number="327"/>
						<line hits="1" number="329"/>
						<line hits="0" number="330"/>
						<line hits="0" number="331"/>
						<line hits="1" number="333"/>
						<line hits="1" number="334"/>
						<line hits="1" number="335"/>
						<line hits="1" number="339"/>
						<line hits="1" number="340"/>
						<line hits="1" number="341"/>
						<line hits="1" number="342"/>
						<line hits="1" number="344"/>
						<line hits="0" number="345"/>
						<line hits="0" number="346"/>
						<line hits="0" number="347"/>
						<line hits="1" number="349"/>
						<line hits="1" number="350"/>
						<line hits="1" number="358"/>
						<line hits="1" number="359"/>
						<line hits="1" number="360"/>
						<line hits="1" number="362"/>
						<line hits="1" number="363"/>
						<line hits="1" number="364"/>
						<line hits="1" number="366"/>
						<line hits="1" number="367"/>
						<line hits="1" number="371"/>
						<line hits="1" number="372"/>
						<line hits="1" number="373"/>
						<line hits="1" number="374"/>
						<line hits="1" number="378"/>
						<line hits="1" number="379"/>
						<line hits="1" number="384"/>
					</lines>
				</class>
				<class branch-rate="0.75" complexity="0" filename="core/connector.py" line-rate="0.8989" name="connector.py">
					<methods/>
					<lines>
						<line hits="1" number="13"/>
						<line hits="1" number="15"/>
						<line hits="1" number="16"/>
						<line hits="1" number="18"/>
						<line hits="1" number="19"/>
						<line hits="1" number="20"/>
						<line hits="1" number="21"/>
						<line hits="1" number="22"/>
						<line hits="1" number="23"/>
						<line hits="1" number="25"/>
						<line hits="1" number="26"/>
						<line hits="1" number="27"/>
						<line hits="1" number="29"/>
						<line hits="1" number="30"/>
						<line hits="1" number="33"/>
						<line hits="1" number="87"/>
						<line hits="1" number="93"/>
						<line hits="1" number="102"/>
						<line hits="1" number="105"/>
						<line hits="1" number="106"/>
						<line hits="1" number="108"/>
						<line hits="1" number="111"/>
						<line hits="1" number="112"/>
						<line hits="1" number="113"/>
						<line branch="true" condition-coverage="100% (2/2)" hits="1" number="115"/>
						<line hits="1" number="116"/>
						<line hits="1" number="118"/>
						<line hits="1" number="120"/>
						<line hits="1" number="137"/>
						<line hits="1" number="138"/>
						<line hits="1" number="144"/>
						<line hits="1" number="145"/>
						<line hits="1" number="146"/>
						<line hits="1" number="148"/>
						<line hits="1" number="149"/>
						<line hits="1" number="151"/>
						<line hits="1" number="153"/>
						<line hits="1" number="154"/>
						<line hits="1" number="155"/>
						<line hits="1" number="157"/>
						<line branch="true" condition-coverage="100% (2/2)" hits="1" number="160"/>
						<line hits="1" number="161"/>
						<line hits="1" number="162"/>
						<line hits="1" number="164"/>
						<line branch="true" condition-coverage="100% (2/2)" hits="1" number="167"/>
						<line hits="1" number="168"/>
						<line hits="1" number="169"/>
						<line hits="1" number="172"/>
						<line branch="true" condition-coverage="50% (1/2)" hits="1" missing-branches="176" number="175"/>
						<line hits="0" number="176"/>
						<line hits="1" number="177"/>
						<line hits="1" number="179"/>
						<line hits="1" number="195"/>
						<line hits="1" number="196"/>
						<line hits="1" number="197"/>
						<line hits="1" number="198"/>
						<line hits="1" number="199"/>
						<line hits="1" number="201"/>
						<line hits="1" number="217"/>
						<line hits="1" number="218"/>
						<line hits="1" number="219"/>
						<line hits="1" number="220"/>
						<line hits="1" number="221"/>
						<line hits="1" number="224"/>
						<line branch="true" condition-coverage="100% (2/2)" hits="1" number="254"/>
						<line hits="1" number="255"/>
						<line hits="1" number="257"/>
						<line hits="1" number="258"/>
						<line branch="true" condition-coverage="100% (2/2)" hits="1" number="260"/>
						<line hits="1" number="261"/>
						<line hits="1" number="263"/>
						<line hits="1" number="264"/>
						<line hits="1" number="266"/>
						<line hits="1" number="267"/>
						<line hits="1" number="269"/>
						<line hits="1" number="271"/>
						<line branch="true" condition-coverage="50% (1/2)" hits="1" missing-branches="exit" number="272"/>
						<line hits="1" number="273"/>
						<line hits="1" number="275"/>
						<line hits="0" number="287"/>
						<line hits="0" number="289"/>
						<line hits="0" number="290"/>
						<line branch="true" condition-coverage="0% (0/2)" hits="0" missing-branches="301,302" number="300"/>
						<line hits="0" number="301"/>
						<line hits="0" number="302"/>
						<line hits="0" number="304"/>
						<line hits="0" number="305"/>
						<line hits="1" number="307"/>
						<line hits="1" number="308"/>
					</lines>
				</class>
				<class branch-rate="0" complexity="0" filename="core/errors.py" line-rate="0.6957" name="errors.py">
					<methods/>
					<lines>
						<line hits="1" number="4"/>
						<line hits="1" number="5"/>
						<line hits="1" number="7"/>
						<line hits="1" number="8"/>
						<line hits="1" number="9"/>
						<line hits="1" number="12"/>
						<line hits="1" number="36"/>
						<line hits="1" number="43"/>
						<line hits="1" number="44"/>
						<line hits="1" number="45"/>
						<line hits="1" number="46"/>
						<line hits="1" number="47"/>
						<line hits="1" number="48"/>
						<line hits="1" number="50"/>
						<line hits="0" number="52"/>
						<line hits="1" number="54"/>
						<line hits="0" number="56"/>
						<line hits="0" number="57"/>
						<line hits="1" number="59"/>
						<line hits="1" number="60"/>
						<line hits="0" number="96"/>
						<line hits="0" number="97"/>
						<line hits="0" number="98"/>
						<line branch="true" condition-coverage="0% (0/2)" hits="0" missing-branches="101,103" number="100"/>
						<line branch="true" condition-coverage="0% (0/2)" hits="0" missing-branches="exit,103" number="101"/>
						<line branch="true" condition-coverage="0% (0/2)" hits="0" missing-branches="exit,104" number="103"/>
						<line branch="true" condition-coverage="0% (0/2)" hits="0" missing-branches="exit,109" number="104"/>
						<line hits="0" number="109"/>
						<line hits="1" number="112"/>
						<line hits="1" number="117"/>
						<line hits="1" number="124"/>
						<line hits="1" number="126"/>
						<line hits="0" number="128"/>
						<line hits="0" number="132"/>
						<line hits="1" number="138"/>
						<line hits="1" number="141"/>
						<line hits="0" number="148"/>
						<line hits="1" number="151"/>
						<line hits="1" number="159"/>
						<line hits="1" number="165"/>
						<line hits="1" number="167"/>
						<line hits="0" number="169"/>
						<line hits="1" number="176"/>
						<line hits="1" number="192"/>
						<line hits="1" number="201"/>
						<line hits="1" number="202"/>
						<line hits="1" number="203"/>
						<line hits="1" number="205"/>
						<line hits="0" number="207"/>
						<line hits="0" number="215"/>
						<line hits="1" number="221"/>
						<line hits="1" number="224"/>
						<line hits="1" number="233"/>
						<line hits="1" number="238"/>
						<line hits="1" number="241"/>
						<line hits="1" number="250"/>
						<line hits="1" number="255"/>
						<line hits="1" number="258"/>
						<line hits="0" number="265"/>
						<line hits="1" number="267"/>
						<line hits="0" number="269"/>
						<line hits="0" number="272"/>
						<line hits="1" number="277"/>
						<line hits="1" number="280"/>
						<line hits="1" number="288"/>
						<line hits="1" number="289"/>
						<line hits="1" number="291"/>
						<line branch="true" condition-coverage="0% (0/2)" hits="0" missing-branches="exit,294" number="293"/>
						<line hits="0" number="294"/>
						<line hits="0" number="303"/>
						<line hits="1" number="309"/>
						<line hits="1" number="312"/>
						<line hits="1" number="319"/>
						<line hits="1" number="321"/>
						<line hits="0" number="323"/>
						<line hits="0" number="327"/>
						<line hits="1" number="334"/>
						<line hits="1" number="337"/>
						<line hits="0" number="344"/>
						<line hits="1" number="346"/>
						<line hits="0" number="348"/>
						<line hits="0" number="351"/>
						<line hits="1" number="357"/>
						<line hits="1" number="360"/>
						<line hits="1" number="363"/>
						<line hits="1" number="366"/>
						<line hits="1" number="369"/>
						<line hits="1" number="372"/>
						<line hits="1" number="375"/>
						<line hits="1" number="378"/>
						<line hits="1" number="381"/>
						<line hits="1" number="383"/>
					</lines>
				</class>
				<class branch-rate="0.8125" complexity="0" filename="core/exception_handler.py" line-rate="0.8889" name="exception_handler.py">
					<methods/>
					<lines>
						<line hits="1" number="4"/>
						<line hits="1" number="6"/>
						<line hits="1" number="8"/>
						<line hits="1" number="9"/>
						<line hits="1" number="12"/>
						<line hits="1" number="15"/>
						<line hits="1" number="24"/>
						<line hits="1" number="25"/>
						<line hits="1" number="27"/>
						<line hits="1" number="28"/>
						<line hits="1" number="29"/>
						<line hits="1" number="30"/>
						<line hits="1" number="31"/>
						<line hits="1" number="32"/>
						<line hits="1" number="33"/>
						<line hits="1" number="35"/>
						<line branch="true" condition-coverage="100% (2/2)" hits="1" number="38"/>
						<line hits="1" number="39"/>
						<line hits="1" number="40"/>
						<line hits="1" number="42"/>
						<line branch="true" condition-coverage="100% (2/2)" hits="1" number="49"/>
						<line branch="true" condition-coverage="50% (1/2)" hits="1" missing-branches="51" number="50"/>
						<line hits="0" number="51"/>
						<line hits="0" number="52"/>
						<line hits="1" number="56"/>
						<line hits="1" number="57"/>
						<line branch="true" condition-coverage="100% (2/2)" hits="1" number="58"/>
						<line hits="1" number="59"/>
						<line branch="true" condition-coverage="100% (2/2)" hits="1" number="60"/>
						<line hits="1" number="61"/>
						<line branch="true" condition-coverage="100% (2/2)" hits="1" number="63"/>
						<line branch="true" condition-coverage="100% (2/2)" hits="1" number="64"/>
						<line hits="1" number="65"/>
						<line hits="1" number="67"/>
						<line hits="1" number="69"/>
						<line branch="true" condition-coverage="0% (0/2)" hits="0" missing-branches="72,73" number="71"/>
						<line hits="0" number="72"/>
						<line hits="0" number="73"/>
						<line hits="1" number="75"/>
						<line branch="true" condition-coverage="50% (1/2)" hits="1" missing-branches="81" number="79"/>
						<line hits="1" number="80"/>
						<line branch="true" condition-coverage="50% (1/2)" hits="1" missing-branches="82" number="81"/>
						<line hits="0" number="82"/>
						<line branch="true" condition-coverage="50% (1/2)" hits="1" missing-branches="84" number="83"/>
						<line hits="0" number="84"/>
						<line branch="true" condition-coverage="100% (2/2)" hits="1" number="86"/>
						<line branch="true" condition-coverage="100% (2/2)" hits="1" number="87"/>
						<line hits="1" number="88"/>
						<line hits="1" number="90"/>
						<line hits="1" number="92"/>
						<line branch="true" condition-coverage="50% (1/2)" hits="1" missing-branches="96" number="95"/>
						<line hits="0" number="96"/>
						<line hits="1" number="104"/>
						<line hits="1" number="106"/>
						<line hits="1" number="108"/>
						<line hits="1" number="109"/>
						<line hits="1" number="110"/>
						<line hits="1" number="111"/>
						<line hits="1" number="113"/>
						<line hits="1" number="115"/>
						<line hits="1" number="116"/>
						<line hits="1" number="118"/>
						<line hits="1" number="121"/>
						<line hits="1" number="123"/>
						<line hits="1" number="126"/>
						<line hits="1" number="128"/>
						<line hits="1" number="129"/>
						<line hits="1" number="134"/>
						<line branch="true" condition-coverage="100% (2/2)" hits="1" number="135"/>
						<line hits="1" number="139"/>
						<line hits="1" number="145"/>
						<line hits="1" number="147"/>
						<line branch="true" condition-coverage="100% (2/2)" hits="1" number="149"/>
						<line hits="1" number="155"/>
						<line hits="1" number="164"/>
						<line hits="1" number="167"/>
						<line branch="true" condition-coverage="100% (2/2)" hits="1" number="169"/>
						<line hits="1" number="170"/>
						<line branch="true" condition-coverage="100% (2/2)" hits="1" number="174"/>
						<line hits="1" number="175"/>
						<line branch="true" condition-coverage="50% (1/2)" hits="1" missing-branches="180" number="179"/>
						<line hits="0" number="180"/>
						<line branch="true" condition-coverage="100% (2/2)" hits="1" number="184"/>
						<line hits="1" number="186"/>
						<line hits="1" number="195"/>
						<line hits="1" number="205"/>
						<line hits="1" number="217"/>
						<line branch="true" condition-coverage="50% (1/2)" hits="1" missing-branches="225" number="224"/>
						<line hits="0" number="225"/>
						<line branch="true" condition-coverage="100% (2/2)" hits="1" number="235"/>
						<line hits="1" number="236"/>
						<line hits="1" number="237"/>
						<line hits="1" number="239"/>
						<line branch="true" condition-coverage="100% (2/2)" hits="1" number="242"/>
						<line branch="true" condition-coverage="100% (2/2)" hits="1" number="243"/>
						<line hits="1" number="245"/>
						<line hits="0" number="246"/>
						<line hits="1" number="248"/>
						<line hits="1" number="250"/>
					</lines>
				</class>
				<class branch-rate="1" complexity="0" filename="core/markup.py" line-rate="1" name="markup.py">
					<methods/>
					<lines>
						<line hits="1" number="47"/>
						<line hits="1" number="49"/>
						<line hits="1" number="50"/>
						<line hits="1" number="52"/>
						<line hits="1" number="53"/>
						<line hits="1" number="54"/>
						<line hits="1" number="55"/>
						<line hits="1" number="58"/>
						<line hits="1" number="62"/>
						<line hits="1" number="75"/>
						<line hits="1" number="76"/>
						<line hits="1" number="77"/>
						<line hits="1" number="78"/>
						<line hits="1" number="79"/>
						<line hits="1" number="80"/>
						<line hits="1" number="81"/>
						<line hits="1" number="82"/>
						<line hits="1" number="83"/>
						<line hits="1" number="84"/>
						<line hits="1" number="85"/>
						<line hits="1" number="86"/>
						<line hits="1" number="87"/>
						<line hits="1" number="88"/>
						<line hits="1" number="89"/>
						<line hits="1" number="91"/>
						<line hits="1" number="94"/>
						<line hits="1" number="101"/>
						<line hits="1" number="104"/>
						<line hits="1" number="106"/>
						<line hits="1" number="109"/>
						<line hits="1" number="110"/>
						<line hits="1" number="112"/>
						<line hits="1" number="115"/>
						<line hits="1" number="116"/>
						<line hits="1" number="118"/>
						<line hits="1" number="121"/>
						<line hits="1" number="122"/>
						<line hits="1" number="124"/>
						<line hits="1" number="127"/>
						<line hits="1" number="128"/>
						<line hits="1" number="130"/>
						<line hits="1" number="133"/>
						<line hits="1" number="135"/>
						<line hits="1" number="138"/>
						<line hits="1" number="140"/>
						<line hits="1" number="143"/>
						<line branch="true" condition-coverage="100% (2/2)" hits="1" number="144"/>
						<line branch="true" condition-coverage="100% (2/2)" hits="1" number="145"/>
						<line hits="1" number="146"/>
						<line hits="1" number="148"/>
						<line branch="true" condition-coverage="100% (2/2)" hits="1" number="156"/>
						<line hits="1" number="158"/>
						<line hits="1" number="161"/>
						<line branch="true" condition-coverage="100% (2/2)" hits="1" number="162"/>
						<line hits="1" number="164"/>
						<line hits="1" number="167"/>
						<line hits="1" number="168"/>
						<line hits="1" number="169"/>
						<line hits="1" number="170"/>
						<line hits="1" number="172"/>
						<line branch="true" condition-coverage="100% (2/2)" hits="1" number="175"/>
						<line hits="1" number="184"/>
						<line branch="true" condition-coverage="100% (2/2)" hits="1" number="187"/>
						<line branch="true" condition-coverage="100% (2/2)" hits="1" number="196"/>
						<line hits="1" number="197"/>
						<line hits="1" number="198"/>
						<line hits="1" number="200"/>
						<line hits="1" number="203"/>
						<line hits="1" number="205"/>
						<line branch="true" condition-coverage="100% (2/2)" hits="1" number="207"/>
						<line hits="1" number="208"/>
						<line hits="1" number="209"/>
						<line hits="1" number="211"/>
						<line hits="1" number="213"/>
						<line hits="1" number="214"/>
						<line hits="1" number="215"/>
						<line hits="1" number="216"/>
						<line hits="1" number="217"/>
						<line hits="1" number="224"/>
						<line hits="1" number="232"/>
						<line hits="1" number="233"/>
						<line hits="1" number="234"/>
						<line hits="1" number="235"/>
						<line branch="true" condition-coverage="100% (2/2)" hits="1" number="237"/>
						<line hits="1" number="238"/>
						<line branch="true" condition-coverage="100% (2/2)" hits="1" number="239"/>
						<line hits="1" number="240"/>
						<line hits="1" number="242"/>
						<line hits="1" number="243"/>
						<line hits="1" number="245"/>
						<line hits="1" number="247"/>
						<line hits="1" number="249"/>
						<line hits="1" number="250"/>
					</lines>
				</class>
				<class branch-rate="1" complexity="0" filename="core/paths.py" line-rate="1" name="paths.py">
					<methods/>
					<lines>
						<line hits="1" number="4"/>
						<line hits="1" number="7"/>
						<line hits="1" number="8"/>
						<line hits="1" number="9"/>
						<line hits="1" number="11"/>
						<line hits="1" number="12"/>
					</lines>
				</class>
				<class branch-rate="0.8889" complexity="0" filename="core/qa.py" line-rate="0.9412" name="qa.py">
					<methods/>
					<lines>
						<line hits="1" number="5"/>
						<line hits="1" number="7"/>
						<line hits="1" number="9"/>
						<line hits="1" number="11"/>
						<line hits="1" number="12"/>
						<line hits="1" number="13"/>
						<line hits="1" number="16"/>
						<line hits="1" number="19"/>
						<line hits="1" number="21"/>
						<line hits="1" number="22"/>
						<line hits="1" number="24"/>
						<line branch="true" condition-coverage="100% (2/2)" hits="1" number="29"/>
						<line hits="1" number="30"/>
						<line branch="true" condition-coverage="100% (2/2)" hits="1" number="33"/>
						<line hits="1" number="34"/>
						<line hits="1" number="35"/>
						<line hits="1" number="37"/>
						<line hits="1" number="38"/>
						<line hits="1" number="39"/>
						<line hits="1" number="49"/>
						<line hits="1" number="52"/>
						<line hits="1" number="55"/>
						<line hits="1" number="61"/>
						<line hits="1" number="62"/>
						<line hits="1" number="64"/>
						<line hits="1" number="66"/>
						<line hits="1" number="67"/>
						<line hits="1" number="70"/>
						<line hits="1" number="109"/>
						<line hits="1" number="115"/>
						<line hits="1" number="147"/>
						<line hits="1" number="149"/>
						<line hits="1" number="150"/>
						<line hits="1" number="151"/>
						<line hits="1" number="152"/>
						<line hits="1" number="153"/>
						<line hits="1" number="154"/>
						<line hits="1" number="157"/>
						<line hits="1" number="164"/>
						<line hits="1" number="166"/>
						<line hits="1" number="169"/>
						<line hits="1" number="172"/>
						<line hits="1" number="175"/>
						<line hits="1" number="178"/>
						<line hits="1" number="181"/>
						<line hits="1" number="187"/>
						<line hits="1" number="189"/>
						<line branch="true" condition-coverage="50% (1/2)" hits="1" missing-branches="193" number="192"/>
						<line hits="0" number="193"/>
						<line hits="1" number="203"/>
						<line hits="1" number="205"/>
						<line hits="1" number="207"/>
						<line hits="1" number="209"/>
						<line branch="true" condition-coverage="50% (1/2)" hits="1" missing-branches="214" number="213"/>
						<line hits="0" number="214"/>
						<line hits="1" number="221"/>
						<line hits="1" number="233"/>
						<line hits="1" number="234"/>
						<line hits="1" number="235"/>
						<line hits="1" number="236"/>
						<line hits="0" number="237"/>
						<line hits="0" number="238"/>
						<line branch="true" condition-coverage="100% (2/2)" hits="1" number="241"/>
						<line hits="1" number="242"/>
						<line hits="1" number="252"/>
						<line hits="1" number="254"/>
						<line hits="0" number="260"/>
						<line hits="1" number="262"/>
						<line branch="true" condition-coverage="100% (2/2)" hits="1" number="284"/>
						<line branch="true" condition-coverage="100% (2/2)" hits="1" number="287"/>
						<line hits="1" number="293"/>
						<line hits="1" number="295"/>
						<line hits="1" number="298"/>
						<line hits="1" number="299"/>
						<line hits="1" number="301"/>
						<line branch="true" condition-coverage="100% (2/2)" hits="1" number="302"/>
						<line hits="1" number="303"/>
						<line hits="1" number="304"/>
						<line hits="1" number="306"/>
						<line hits="1" number="307"/>
						<line hits="1" number="308"/>
						<line hits="1" number="309"/>
						<line branch="true" condition-coverage="100% (2/2)" hits="1" number="315"/>
						<line hits="1" number="317"/>
						<line hits="1" number="327"/>
					</lines>
				</class>
				<class branch-rate="1" complexity="0" filename="core/scope.py" line-rate="1" name="scope.py">
					<methods/>
					<lines>
						<line hits="1" number="4"/>
						<line hits="1" number="6"/>
						<line hits="1" number="7"/>
						<line hits="1" number="9"/>
						<line hits="1" number="12"/>
						<line hits="1" number="55"/>
						<line hits="1" number="59"/>
						<line hits="1" number="60"/>
						<line hits="1" number="61"/>
						<line hits="1" number="62"/>
						<line hits="1" number="63"/>
						<line hits="1" number="64"/>
						<line hits="1" number="65"/>
						<line hits="1" number="66"/>
						<line hits="1" number="67"/>
						<line hits="1" number="68"/>
						<line hits="1" number="70"/>
						<line branch="true" condition-coverage="100% (2/2)" hits="1" number="83"/>
						<line branch="true" condition-coverage="100% (2/2)" hits="1" number="86"/>
						<line hits="1" number="91"/>
						<line branch="true" condition-coverage="100% (2/2)" hits="1" number="103"/>
						<line branch="true" condition-coverage="100% (2/2)" hits="1" number="107"/>
						<line hits="1" number="111"/>
						<line hits="1" number="113"/>
						<line hits="1" number="116"/>
						<line hits="1" number="118"/>
						<line hits="1" number="134"/>
						<line hits="1" number="135"/>
						<line hits="1" number="136"/>
						<line hits="1" number="137"/>
						<line hits="1" number="139"/>
						<line hits="1" number="140"/>
						<line hits="1" number="148"/>
						<line hits="1" number="150"/>
					</lines>
				</class>
				<class branch-rate="0.7448" complexity="0" filename="core/script.py" line-rate="0.8589" name="script.py">
					<methods/>
					<lines>
						<line hits="1" number="12"/>
						<line hits="1" number="14"/>
						<line hits="1" number="15"/>
						<line hits="1" number="16"/>
						<line hits="1" number="17"/>
						<line hits="1" number="18"/>
						<line hits="1" number="19"/>
						<line hits="1" number="21"/>
						<line hits="1" number="23"/>
						<line hits="1" number="36"/>
						<line hits="1" number="39"/>
						<line hits="1" number="44"/>
						<line hits="1" number="47"/>
						<line hits="1" number="48"/>
						<line hits="1" number="49"/>
						<line hits="1" number="50"/>
						<line hits="1" number="51"/>
						<line hits="1" number="52"/>
						<line hits="1" number="53"/>
						<line hits="1" number="55"/>
						<line hits="1" number="56"/>
						<line hits="1" number="57"/>
						<line branch="true" condition-coverage="100% (2/2)" hits="1" number="58"/>
						<line hits="1" number="62"/>
						<line hits="1" number="64"/>
						<line hits="1" number="65"/>
						<line hits="1" number="66"/>
						<line hits="1" number="67"/>
						<line branch="true" condition-coverage="100% (2/2)" hits="1" number="69"/>
						<line hits="1" number="70"/>
						<line hits="1" number="71"/>
						<line hits="1" number="72"/>
						<line hits="1" number="73"/>
						<line hits="1" number="75"/>
						<line hits="1" number="76"/>
						<line hits="1" number="77"/>
						<line branch="true" condition-coverage="100% (2/2)" hits="1" number="79"/>
						<line hits="1" number="80"/>
						<line hits="1" number="82"/>
						<line hits="1" number="89"/>
						<line hits="1" number="91"/>
						<line hits="1" number="93"/>
						<line hits="1" number="94"/>
						<line hits="1" number="96"/>
						<line hits="1" number="97"/>
						<line hits="0" number="98"/>
						<line hits="0" number="99"/>
						<line hits="1" number="101"/>
						<line hits="1" number="102"/>
						<line hits="1" number="104"/>
						<line hits="1" number="115"/>
						<line hits="1" number="116"/>
						<line hits="1" number="117"/>
						<line hits="1" number="118"/>
						<line hits="1" number="120"/>
						<line hits="1" number="122"/>
						<line hits="1" number="123"/>
						<line hits="1" number="125"/>
						<line branch="true" condition-coverage="100% (2/2)" hits="1" number="128"/>
						<line hits="1" number="129"/>
						<line hits="1" number="133"/>
						<line hits="1" number="134"/>
						<line hits="1" number="135"/>
						<line hits="1" number="137"/>
						<line branch="true" condition-coverage="100% (2/2)" hits="1" number="140"/>
						<line branch="true" condition-coverage="100% (2/2)" hits="1" number="141"/>
						<line hits="1" number="142"/>
						<line hits="1" number="144"/>
						<line hits="1" number="166"/>
						<line hits="1" number="167"/>
						<line hits="1" number="169"/>
						<line hits="1" number="170"/>
						<line hits="1" number="171"/>
						<line hits="1" number="173"/>
						<line hits="1" number="193"/>
						<line branch="true" condition-coverage="100% (2/2)" hits="1" number="199"/>
						<line hits="1" number="200"/>
						<line hits="1" number="203"/>
						<line branch="true" condition-coverage="100% (2/2)" hits="1" number="208"/>
						<line hits="1" number="209"/>
						<line hits="1" number="211"/>
						<line branch="true" condition-coverage="100% (2/2)" hits="1" number="220"/>
						<line hits="1" number="221"/>
						<line hits="1" number="222"/>
						<line hits="1" number="223"/>
						<line hits="1" number="224"/>
						<line hits="1" number="226"/>
						<line hits="1" number="230"/>
						<line hits="1" number="231"/>
						<line hits="1" number="239"/>
						<line hits="1" number="241"/>
						<line hits="1" number="242"/>
						<line branch="true" condition-coverage="100% (2/2)" hits="1" number="243"/>
						<line hits="1" number="244"/>
						<line hits="1" number="246"/>
						<line hits="1" number="248"/>
						<line branch="true" condition-coverage="100% (2/2)" hits="1" number="249"/>
						<line hits="1" number="255"/>
						<line hits="1" number="257"/>
						<line hits="1" number="258"/>
						<line hits="1" number="259"/>
						<line hits="1" number="260"/>
						<line hits="0" number="261"/>
						<line hits="0" number="262"/>
						<line hits="1" number="264"/>
						<line hits="0" number="281"/>
						<line branch="true" condition-coverage="0% (0/2)" hits="0" missing-branches="283,285" number="282"/>
						<line hits="0" number="283"/>
						<line hits="0" number="285"/>
						<line branch="true" condition-coverage="0% (0/2)" hits="0" missing-branches="exit,exit" number="286"/>
						<line hits="1" number="288"/>
						<line branch="true" condition-coverage="100% (2/2)" hits="1" number="295"/>
						<line hits="1" number="296"/>
						<line hits="1" number="300"/>
						<line hits="1" number="314"/>
						<line hits="1" number="316"/>
						<line branch="true" condition-coverage="100% (2/2)" hits="1" number="321"/>
						<line branch="true" condition-coverage="100% (2/2)" hits="1" number="324"/>
						<line hits="1" number="325"/>
						<line hits="1" number="328"/>
						<line hits="1" number="334"/>
						<line branch="true" condition-coverage="50% (1/2)" hits="1" missing-branches="336" number="335"/>
						<line hits="0" number="336"/>
						<line hits="1" number="338"/>
						<line hits="1" number="339"/>
						<line hits="1" number="340"/>
						<line hits="1" number="343"/>
						<line hits="1" number="344"/>
						<line branch="true" condition-coverage="50% (1/2)" hits="1" missing-branches="362" number="361"/>
						<line hits="0" number="362"/>
						<line branch="true" condition-coverage="50% (1/2)" hits="1" missing-branches="367" number="366"/>
						<line hits="0" number="367"/>
						<line hits="1" number="372"/>
						<line hits="1" number="373"/>
						<line branch="true" condition-coverage="50% (1/2)" hits="1" missing-branches="376" number="375"/>
						<line hits="0" number="376"/>
						<line hits="1" number="378"/>
						<line hits="1" number="394"/>
						<line hits="0" number="396"/>
						<line hits="0" number="397"/>
						<line hits="1" number="400"/>
						<line hits="1" number="405"/>
						<line branch="true" condition-coverage="50% (1/2)" hits="1" missing-branches="413" number="412"/>
						<line hits="0" number="413"/>
						<line hits="1" number="414"/>
						<line hits="1" number="416"/>
						<line hits="1" number="417"/>
						<line hits="1" number="419"/>
						<line hits="1" number="422"/>
						<line hits="1" number="424"/>
						<line branch="true" condition-coverage="0% (0/2)" hits="0" missing-branches="exit,exit" number="427"/>
						<line hits="1" number="429"/>
						<line branch="true" condition-coverage="100% (2/2)" hits="1" number="431"/>
						<line hits="1" number="432"/>
						<line hits="1" number="433"/>
						<line hits="1" number="434"/>
						<line hits="1" number="439"/>
						<line hits="0" number="440"/>
						<line hits="0" number="441"/>
						<line hits="1" number="443"/>
						<line branch="true" condition-coverage="100% (2/2)" hits="1" number="446"/>
						<line hits="1" number="447"/>
						<line branch="true" condition-coverage="100% (2/2)" hits="1" number="448"/>
						<line branch="true" condition-coverage="100% (2/2)" hits="1" number="449"/>
						<line hits="1" number="454"/>
						<line branch="true" condition-coverage="0% (0/2)" hits="0" missing-branches="exit,exit" number="457"/>
						<line hits="1" number="461"/>
						<line branch="true" condition-coverage="100% (2/2)" hits="1" number="464"/>
						<line hits="1" number="466"/>
						<line hits="1" number="468"/>
						<line branch="true" condition-coverage="50% (1/2)" hits="1" missing-branches="470" number="469"/>
						<line hits="0" number="470"/>
						<line hits="1" number="471"/>
						<line hits="1" number="473"/>
						<line hits="1" number="489"/>
						<line branch="true" condition-coverage="100% (2/2)" hits="1" number="491"/>
						<line branch="true" condition-coverage="50% (1/2)" hits="1" missing-branches="495" number="493"/>
						<line hits="1" number="494"/>
						<line branch="true" condition-coverage="100% (2/2)" hits="1" number="495"/>
						<line hits="1" number="496"/>
						<line branch="true" condition-coverage="100% (2/2)" hits="1" number="497"/>
						<line branch="true" condition-coverage="100% (2/2)" hits="1" number="498"/>
						<line branch="true" condition-coverage="100% (2/2)" hits="1" number="501"/>
						<line hits="1" number="502"/>
						<line branch="true" condition-coverage="100% (2/2)" hits="1" number="503"/>
						<line hits="1" number="504"/>
						<line branch="true" condition-coverage="100% (2/2)" hits="1" number="505"/>
						<line hits="1" number="506"/>
						<line hits="1" number="508"/>
						<line hits="1" number="510"/>
						<line branch="true" condition-coverage="100% (2/2)" hits="1" number="513"/>
						<line branch="true" condition-coverage="100% (2/2)" hits="1" number="514"/>
						<line hits="1" number="516"/>
						<line branch="true" condition-coverage="50% (1/2)" hits="1" missing-branches="526" number="525"/>
						<line hits="0" number="526"/>
						<line branch="true" condition-coverage="100% (2/2)" hits="1" number="527"/>
						<line hits="1" number="528"/>
						<line hits="1" number="530"/>
						<line branch="true" condition-coverage="100% (2/2)" hits="1" number="531"/>
						<line hits="1" number="532"/>
						<line branch="true" condition-coverage="66% (2/3)" hits="1" missing-branches="538" number="534"/>
						<line hits="0" number="538"/>
						<line branch="true" condition-coverage="100% (2/2)" hits="1" number="539"/>
						<line hits="1" number="541"/>
						<line hits="0" number="543"/>
						<line hits="0" number="544"/>
						<line hits="0" number="545"/>
						<line branch="true" condition-coverage="0% (0/2)" hits="0" missing-branches="exit,547" number="546"/>
						<line hits="0" number="547"/>
						<line hits="1" number="549"/>
						<line hits="0" number="552"/>
						<line hits="1" number="554"/>
						<line hits="0" number="557"/>
						<line hits="1" number="559"/>
						<line branch="true" condition-coverage="0% (0/2)" hits="0" missing-branches="exit,563" number="562"/>
						<line hits="0" number="563"/>
						<line hits="1" number="565"/>
						<line branch="true" condition-coverage="0% (0/2)" hits="0" missing-branches="exit,569" number="568"/>
						<line hits="0" number="569"/>
						<line hits="1" number="571"/>
						<line hits="1" number="581"/>
						<line hits="1" number="593"/>
						<line branch="true" condition-coverage="100% (2/2)" hits="1" number="596"/>
						<line hits="1" number="601"/>
						<line branch="true" condition-coverage="100% (2/2)" hits="1" number="604"/>
						<line branch="true" condition-coverage="100% (2/2)" hits="1" number="609"/>
						<line hits="1" number="614"/>
						<line hits="1" number="617"/>
						<line branch="true" condition-coverage="100% (2/2)" hits="1" number="621"/>
						<line hits="1" number="623"/>
						<line branch="true" condition-coverage="100% (2/2)" hits="1" number="626"/>
						<line hits="1" number="631"/>
						<line hits="1" number="633"/>
						<line hits="1" number="637"/>
						<line branch="true" condition-coverage="0% (0/2)" hits="0" missing-branches="exit,exit" number="640"/>
						<line hits="1" number="642"/>
						<line branch="true" condition-coverage="100% (2/2)" hits="1" number="647"/>
						<line hits="1" number="652"/>
						<line hits="1" number="654"/>
						<line branch="true" condition-coverage="100% (2/2)" hits="1" number="656"/>
						<line hits="1" number="661"/>
						<line hits="1" number="663"/>
						<line branch="true" condition-coverage="100% (2/2)" hits="1" number="664"/>
						<line hits="1" number="665"/>
						<line hits="1" number="668"/>
						<line hits="1" number="669"/>
						<line hits="1" number="671"/>
						<line hits="1" number="674"/>
						<line branch="true" condition-coverage="100% (2/2)" hits="1" number="675"/>
						<line hits="1" number="676"/>
						<line hits="1" number="677"/>
						<line hits="1" number="678"/>
						<line branch="true" condition-coverage="100% (2/2)" hits="1" number="679"/>
						<line hits="0" number="680"/>
						<line hits="0" number="681"/>
						<line hits="1" number="683"/>
						<line branch="true" condition-coverage="50% (1/2)" hits="1" missing-branches="704" number="702"/>
						<line hits="1" number="703"/>
						<line branch="true" condition-coverage="0% (0/2)" hits="0" missing-branches="705,706" number="704"/>
						<line hits="0" number="705"/>
						<line branch="true" condition-coverage="0% (0/2)" hits="0" missing-branches="exit,707" number="706"/>
						<line hits="0" number="707"/>
						<line hits="0" number="708"/>
						<line branch="true" condition-coverage="0% (0/2)" hits="0" missing-branches="exit,exit" number="712"/>
						<line hits="1" number="715"/>
						<line hits="1" number="726"/>
						<line hits="1" number="728"/>
						<line hits="1" number="729"/>
						<line branch="true" condition-coverage="50% (1/2)" hits="1" missing-branches="exit" number="730"/>
						<line hits="1" number="731"/>
						<line branch="true" condition-coverage="100% (2/2)" hits="1" number="733"/>
						<line hits="1" number="734"/>
						<line hits="1" number="735"/>
						<line branch="true" condition-coverage="100% (2/2)" hits="1" number="746"/>
						<line hits="1" number="747"/>
						<line hits="1" number="749"/>
						<line hits="1" number="750"/>
						<line branch="true" condition-coverage="100% (2/2)" hits="1" number="751"/>
						<line hits="1" number="752"/>
						<line hits="1" number="754"/>
						<line hits="1" number="757"/>
						<line hits="1" number="758"/>
						<line hits="1" number="760"/>
						<line hits="1" number="762"/>
						<line hits="1" number="764"/>
						<line hits="0" number="767"/>
						<line hits="1" number="769"/>
						<line hits="1" number="770"/>
						<line hits="1" number="772"/>
						<line hits="0" number="773"/>
						<line hits="1" number="779"/>
						<line hits="1" number="782"/>
						<line hits="1" number="785"/>
						<line hits="1" number="786"/>
						<line hits="1" number="787"/>
						<line hits="1" number="788"/>
						<line hits="1" number="789"/>
						<line hits="1" number="791"/>
						<line hits="1" number="793"/>
						<line hits="1" number="795"/>
						<line branch="true" condition-coverage="100% (2/2)" hits="1" number="797"/>
						<line hits="1" number="802"/>
						<line branch="true" condition-coverage="100% (2/2)" hits="1" number="804"/>
						<line hits="1" number="806"/>
						<line hits="1" number="807"/>
						<line hits="1" number="811"/>
						<line hits="1" number="812"/>
						<line hits="1" number="816"/>
						<line hits="1" number="817"/>
						<line hits="1" number="819"/>
						<line hits="1" number="820"/>
						<line hits="1" number="821"/>
						<line hits="1" number="822"/>
						<line hits="1" number="823"/>
						<line hits="1" number="824"/>
						<line branch="true" condition-coverage="50% (1/2)" hits="1" missing-branches="827" number="825"/>
						<line hits="1" number="826"/>
						<line branch="true" condition-coverage="50% (1/2)" hits="1" missing-branches="828" number="827"/>
						<line hits="0" number="828"/>
						<line hits="1" number="830"/>
						<line hits="1" number="831"/>
						<line branch="true" condition-coverage="50% (1/2)" hits="1" missing-branches="835" number="832"/>
						<line hits="1" number="833"/>
						<line hits="1" number="834"/>
						<line branch="true" condition-coverage="50% (1/2)" hits="1" missing-branches="exit" number="835"/>
						<line hits="1" number="836"/>
					</lines>
				</class>
				<class branch-rate="0.9348" complexity="0" filename="core/section.py" line-rate="0.9456" name="section.py">
					<methods/>
					<lines>
						<line hits="1" number="47"/>
						<line hits="1" number="49"/>
						<line hits="1" number="51"/>
						<line hits="1" number="53"/>
						<line hits="1" number="54"/>
						<line hits="1" number="55"/>
						<line hits="1" number="58"/>
						<line hits="1" number="63"/>
						<line hits="1" number="69"/>
						<line hits="1" number="71"/>
						<line hits="1" number="72"/>
						<line hits="1" number="74"/>
						<line hits="1" number="76"/>
						<line hits="1" number="78"/>
						<line hits="1" number="79"/>
						<line hits="1" number="80"/>
						<line hits="1" number="82"/>
						<line hits="1" number="86"/>
						<line branch="true" condition-coverage="100% (2/2)" hits="1" number="91"/>
						<line hits="1" number="92"/>
						<line hits="1" number="93"/>
						<line branch="true" condition-coverage="100% (2/2)" hits="1" number="94"/>
						<line hits="1" number="95"/>
						<line branch="true" condition-coverage="100% (2/2)" hits="1" number="96"/>
						<line hits="1" number="97"/>
						<line hits="1" number="99"/>
						<line hits="1" number="104"/>
						<line hits="1" number="106"/>
						<line hits="1" number="117"/>
						<line hits="1" number="118"/>
						<line branch="true" condition-coverage="100% (2/2)" hits="1" number="119"/>
						<line hits="1" number="120"/>
						<line hits="1" number="122"/>
						<line hits="1" number="127"/>
						<line hits="0" number="128"/>
						<line hits="1" number="132"/>
						<line hits="1" number="135"/>
						<line hits="1" number="136"/>
						<line hits="1" number="138"/>
						<line hits="1" number="146"/>
						<line hits="1" number="147"/>
						<line hits="1" number="149"/>
						<line hits="1" number="150"/>
						<line hits="1" number="151"/>
						<line hits="1" number="153"/>
						<line hits="1" number="155"/>
						<line hits="1" number="157"/>
						<line hits="1" number="158"/>
						<line hits="1" number="159"/>
						<line hits="1" number="160"/>
						<line hits="1" number="162"/>
						<line branch="true" condition-coverage="100% (2/2)" hits="1" number="163"/>
						<line hits="1" number="164"/>
						<line hits="1" number="165"/>
						<line branch="true" condition-coverage="100% (2/2)" hits="1" number="166"/>
						<line hits="1" number="167"/>
						<line hits="1" number="168"/>
						<line hits="1" number="170"/>
						<line hits="1" number="172"/>
						<line hits="1" number="173"/>
						<line hits="1" number="175"/>
						<line branch="true" condition-coverage="100% (2/2)" hits="1" number="176"/>
						<line branch="true" condition-coverage="100% (2/2)" hits="1" number="177"/>
						<line hits="1" number="178"/>
						<line hits="1" number="179"/>
						<line hits="1" number="181"/>
						<line hits="1" number="183"/>
						<line hits="1" number="185"/>
						<line hits="1" number="188"/>
						<line branch="true" condition-coverage="50% (1/2)" hits="1" missing-branches="192" number="189"/>
						<line hits="1" number="190"/>
						<line hits="0" number="192"/>
						<line hits="1" number="194"/>
						<line hits="1" number="196"/>
						<line hits="1" number="197"/>
						<line hits="1" number="199"/>
						<line hits="1" number="201"/>
						<line hits="1" number="202"/>
						<line branch="true" condition-coverage="100% (2/2)" hits="1" number="203"/>
						<line hits="1" number="204"/>
						<line branch="true" condition-coverage="100% (2/2)" hits="1" number="205"/>
						<line hits="1" number="206"/>
						<line hits="1" number="208"/>
						<line hits="1" number="210"/>
						<line branch="true" condition-coverage="100% (2/2)" hits="1" number="211"/>
						<line hits="1" number="212"/>
						<line hits="1" number="213"/>
						<line hits="1" number="218"/>
						<line hits="1" number="220"/>
						<line branch="true" condition-coverage="100% (2/2)" hits="1" number="222"/>
						<line hits="1" number="223"/>
						<line hits="1" number="225"/>
						<line hits="1" number="230"/>
						<line hits="0" number="231"/>
						<line hits="1" number="235"/>
						<line hits="1" number="267"/>
						<line hits="1" number="295"/>
						<line hits="1" number="297"/>
						<line hits="1" number="298"/>
						<line hits="1" number="299"/>
						<line hits="1" number="300"/>
						<line hits="1" number="301"/>
						<line hits="1" number="302"/>
						<line hits="1" number="303"/>
						<line hits="1" number="304"/>
						<line hits="1" number="306"/>
						<line branch="true" condition-coverage="50% (1/2)" hits="1" missing-branches="308" number="307"/>
						<line hits="0" number="308"/>
						<line hits="1" number="311"/>
						<line hits="1" number="315"/>
						<line hits="1" number="317"/>
						<line hits="1" number="318"/>
						<line hits="1" number="319"/>
						<line hits="1" number="321"/>
						<line hits="1" number="323"/>
						<line branch="true" condition-coverage="100% (2/2)" hits="1" number="324"/>
						<line branch="true" condition-coverage="100% (2/2)" hits="1" number="329"/>
						<line hits="1" number="330"/>
						<line hits="1" number="331"/>
						<line hits="1" number="332"/>
						<line hits="1" number="334"/>
						<line hits="1" number="338"/>
						<line branch="true" condition-coverage="100% (2/2)" hits="1" number="341"/>
						<line branch="true" condition-coverage="100% (2/2)" hits="1" number="351"/>
						<line hits="1" number="353"/>
						<line branch="true" condition-coverage="100% (2/2)" hits="1" number="367"/>
						<line hits="1" number="368"/>
						<line hits="1" number="370"/>
						<line hits="1" number="372"/>
						<line hits="1" number="375"/>
						<line branch="true" condition-coverage="50% (1/2)" hits="1" missing-branches="380" number="379"/>
						<line hits="0" number="380"/>
						<line hits="0" number="381"/>
						<line branch="true" condition-coverage="100% (2/2)" hits="1" number="382"/>
						<line hits="1" number="383"/>
						<line branch="true" condition-coverage="100% (2/2)" hits="1" number="384"/>
						<line hits="1" number="385"/>
						<line hits="1" number="386"/>
						<line hits="1" number="387"/>
						<line hits="1" number="389"/>
						<line branch="true" condition-coverage="100% (2/2)" hits="1" number="391"/>
						<line hits="1" number="393"/>
						<line hits="1" number="401"/>
						<line hits="1" number="403"/>
						<line hits="0" number="406"/>
						<line hits="1" number="417"/>
						<line hits="0" number="418"/>
					</lines>
				</class>
				<class branch-rate="0.7" complexity="0" filename="core/snowframe.py" line-rate="0.8235" name="snowframe.py">
					<methods/>
					<lines>
						<line hits="1" number="5"/>
						<line hits="1" number="6"/>
						<line hits="1" number="7"/>
						<line hits="1" number="8"/>
						<line hits="1" number="10"/>
						<line hits="1" number="12"/>
						<line hits="1" number="13"/>
						<line hits="1" number="14"/>
						<line branch="true" condition-coverage="100% (2/2)" hits="1" number="17"/>
						<line hits="1" number="18"/>
						<line hits="1" number="23"/>
						<line hits="1" number="24"/>
						<line hits="1" number="25"/>
						<line branch="true" condition-coverage="100% (2/2)" hits="1" number="26"/>
						<line branch="true" condition-coverage="100% (2/2)" hits="1" number="27"/>
						<line hits="1" number="29"/>
						<line branch="true" condition-coverage="100% (2/2)" hits="1" number="32"/>
						<line hits="1" number="33"/>
						<line hits="1" number="35"/>
						<line hits="1" number="36"/>
						<line hits="1" number="41"/>
						<line hits="1" number="42"/>
						<line hits="1" number="43"/>
						<line hits="0" number="44"/>
						<line hits="0" number="45"/>
						<line hits="1" number="47"/>
						<line hits="1" number="48"/>
						<line hits="0" number="53"/>
						<line hits="0" number="54"/>
						<line hits="0" number="55"/>
						<line hits="0" number="56"/>
						<line hits="0" number="57"/>
						<line hits="1" number="59"/>
						<line branch="true" condition-coverage="100% (2/2)" hits="1" number="64"/>
						<line hits="1" number="69"/>
						<line branch="true" condition-coverage="0% (0/2)" hits="0" missing-branches="exit,exit" number="74"/>
						<line hits="1" number="79"/>
						<line branch="true" condition-coverage="50% (1/2)" hits="1" missing-branches="108" number="105"/>
						<line hits="1" number="106"/>
						<line hits="0" number="108"/>
						<line hits="1" number="110"/>
						<line hits="1" number="128"/>
						<line branch="true" condition-coverage="50% (1/2)" hits="1" missing-branches="130" number="129"/>
						<line hits="0" number="130"/>
						<line branch="true" condition-coverage="100% (2/2)" hits="1" number="136"/>
						<line branch="true" condition-coverage="100% (2/2)" hits="1" number="137"/>
						<line hits="1" number="140"/>
						<line hits="1" number="142"/>
						<line hits="1" number="148"/>
						<line branch="true" condition-coverage="50% (1/2)" hits="1" missing-branches="151" number="150"/>
						<line branch="true" condition-coverage="0% (0/2)" hits="0" missing-branches="exit,156" number="151"/>
						<line branch="true" condition-coverage="100% (2/2)" hits="1" number="153"/>
						<line hits="1" number="156"/>
						<line hits="1" number="158"/>
						<line branch="true" condition-coverage="50% (1/2)" hits="1" missing-branches="161" number="160"/>
						<line branch="true" condition-coverage="0% (0/2)" hits="0" missing-branches="exit,166" number="161"/>
						<line branch="true" condition-coverage="100% (2/2)" hits="1" number="163"/>
						<line hits="1" number="166"/>
						<line hits="1" number="168"/>
						<line branch="true" condition-coverage="100% (2/2)" hits="1" number="170"/>
						<line hits="1" number="173"/>
						<line hits="1" number="175"/>
						<line branch="true" condition-coverage="50% (1/2)" hits="1" missing-branches="186" number="185"/>
						<line hits="0" number="186"/>
						<line hits="1" number="187"/>
						<line hits="1" number="188"/>
						<line hits="1" number="190"/>
						<line hits="1" number="198"/>
						<line hits="1" number="199"/>
						<line hits="1" number="200"/>
						<line hits="1" number="201"/>
						<line hits="1" number="203"/>
						<line hits="1" number="204"/>
						<line branch="true" condition-coverage="0% (0/2)" hits="0" missing-branches="exit,212" number="209"/>
						<line branch="true" condition-coverage="0% (0/2)" hits="0" missing-branches="exit,exit" number="212"/>
						<line hits="1" number="214"/>
						<line branch="true" condition-coverage="100% (2/2)" hits="1" number="229"/>
						<line branch="true" condition-coverage="100% (2/2)" hits="1" number="234"/>
						<line hits="1" number="241"/>
						<line hits="1" number="256"/>
						<line hits="1" number="257"/>
						<line branch="true" condition-coverage="100% (2/2)" hits="1" number="258"/>
						<line branch="true" condition-coverage="100% (2/2)" hits="1" number="259"/>
						<line branch="true" condition-coverage="100% (2/2)" hits="1" number="260"/>
						<line hits="1" number="265"/>
					</lines>
				</class>
				<class branch-rate="0.625" complexity="0" filename="core/sql.py" line-rate="0.7046" name="sql.py">
					<methods/>
					<lines>
						<line hits="1" number="26"/>
						<line hits="1" number="28"/>
						<line hits="1" number="29"/>
						<line hits="1" number="31"/>
						<line hits="1" number="33"/>
						<line hits="1" number="34"/>
						<line hits="1" number="37"/>
						<line hits="1" number="64"/>
						<line hits="1" number="72"/>
						<line hits="1" number="73"/>
						<line hits="1" number="74"/>
						<line hits="1" number="75"/>
						<line hits="1" number="76"/>
						<line hits="1" number="77"/>
						<line hits="1" number="78"/>
						<line hits="1" number="80"/>
						<line hits="1" number="119"/>
						<line hits="1" number="120"/>
						<line hits="1" number="121"/>
						<line hits="1" number="124"/>
						<line hits="0" number="127"/>
						<line hits="0" number="128"/>
						<line hits="1" number="131"/>
						<line branch="true" condition-coverage="50% (1/2)" hits="1" missing-branches="139" number="138"/>
						<line hits="0" number="139"/>
						<line hits="1" number="141"/>
						<line hits="1" number="145"/>
						<line hits="1" number="147"/>
						<line hits="1" number="184"/>
						<line hits="1" number="185"/>
						<line hits="1" number="186"/>
						<line hits="1" number="189"/>
						<line hits="0" number="192"/>
						<line hits="0" number="193"/>
						<line hits="1" number="195"/>
						<line branch="true" condition-coverage="50% (1/2)" hits="1" missing-branches="203" number="202"/>
						<line hits="0" number="203"/>
						<line hits="1" number="205"/>
						<line hits="1" number="209"/>
						<line hits="1" number="211"/>
						<line hits="0" number="228"/>
						<line hits="0" number="229"/>
						<line hits="0" number="232"/>
						<line hits="0" number="233"/>
						<line hits="0" number="234"/>
						<line hits="0" number="235"/>
						<line hits="1" number="237"/>
						<line hits="1" number="256"/>
						<line hits="1" number="257"/>
						<line hits="1" number="260"/>
						<line hits="0" number="261"/>
						<line hits="0" number="262"/>
						<line hits="1" number="264"/>
						<line hits="1" number="289"/>
						<line hits="1" number="290"/>
						<line hits="1" number="291"/>
						<line hits="1" number="292"/>
						<line hits="1" number="294"/>
						<line hits="1" number="316"/>
						<line hits="1" number="317"/>
						<line hits="1" number="318"/>
						<line hits="1" number="321"/>
						<line hits="1" number="324"/>
						<line hits="0" number="327"/>
						<line hits="0" number="328"/>
						<line hits="1" number="330"/>
						<line hits="1" number="335"/>
						<line hits="1" number="336"/>
						<line hits="1" number="338"/>
						<line hits="0" number="401"/>
						<line hits="0" number="402"/>
						<line hits="0" number="404"/>
						<line hits="0" number="405"/>
						<line hits="0" number="408"/>
						<line hits="0" number="411"/>
						<line hits="0" number="415"/>
						<line hits="0" number="416"/>
						<line branch="true" condition-coverage="0% (0/2)" hits="0" missing-branches="418,422" number="417"/>
						<line hits="0" number="418"/>
						<line branch="true" condition-coverage="0% (0/2)" hits="0" missing-branches="423,430" number="422"/>
						<line hits="0" number="423"/>
						<line hits="0" number="427"/>
						<line hits="0" number="428"/>
						<line hits="0" number="430"/>
						<line hits="0" number="431"/>
						<line hits="0" number="434"/>
						<line hits="0" number="435"/>
						<line hits="1" number="437"/>
						<line hits="1" number="469"/>
						<line hits="1" number="470"/>
						<line hits="1" number="472"/>
						<line hits="1" number="476"/>
						<line branch="true" condition-coverage="100% (2/2)" hits="1" number="480"/>
						<line hits="1" number="481"/>
						<line hits="1" number="483"/>
						<line hits="1" number="484"/>
						<line hits="1" number="486"/>
						<line hits="1" number="488"/>
						<line hits="1" number="521"/>
						<line hits="1" number="522"/>
						<line hits="1" number="527"/>
						<line branch="true" condition-coverage="100% (2/2)" hits="1" number="531"/>
						<line hits="1" number="532"/>
						<line hits="1" number="533"/>
						<line hits="1" number="534"/>
						<line hits="1" number="535"/>
						<line hits="1" number="537"/>
						<line hits="1" number="551"/>
						<line hits="1" number="552"/>
						<line hits="1" number="554"/>
						<line hits="0" number="575"/>
						<line hits="0" number="576"/>
						<line hits="0" number="577"/>
						<line hits="0" number="578"/>
						<line hits="0" number="581"/>
						<line hits="0" number="582"/>
						<line hits="0" number="583"/>
						<line hits="0" number="584"/>
						<line hits="0" number="585"/>
						<line hits="0" number="586"/>
						<line hits="1" number="588"/>
						<line hits="1" number="610"/>
						<line hits="1" number="612"/>
						<line hits="1" number="613"/>
						<line hits="1" number="616"/>
						<line hits="0" number="619"/>
						<line hits="0" number="620"/>
						<line hits="1" number="622"/>
						<line hits="1" number="628"/>
						<line hits="1" number="629"/>
						<line hits="1" number="631"/>
						<line hits="0" number="648"/>
						<line hits="0" number="650"/>
						<line hits="0" number="651"/>
						<line hits="0" number="654"/>
						<line hits="0" number="657"/>
						<line hits="0" number="658"/>
						<line hits="0" number="660"/>
						<line hits="0" number="661"/>
						<line hits="0" number="662"/>
						<line hits="1" number="664"/>
						<line hits="1" number="680"/>
						<line hits="1" number="681"/>
						<line hits="1" number="682"/>
						<line hits="1" number="684"/>
						<line hits="0" number="686"/>
						<line hits="1" number="688"/>
						<line hits="1" number="690"/>
						<line hits="1" number="692"/>
						<line hits="1" number="694"/>
						<line hits="1" number="696"/>
						<line hits="1" number="698"/>
						<line hits="1" number="700"/>
						<line hits="1" number="702"/>
						<line hits="1" number="704"/>
						<line hits="1" number="723"/>
						<line hits="1" number="724"/>
						<line hits="0" number="727"/>
						<line hits="0" number="728"/>
						<line hits="1" number="730"/>
						<line hits="1" number="731"/>
						<line hits="1" number="732"/>
						<line hits="1" number="734"/>
						<line hits="1" number="738"/>
						<line hits="1" number="740"/>
						<line hits="1" number="744"/>
						<line hits="1" number="746"/>
						<line hits="1" number="750"/>
						<line hits="1" number="752"/>
						<line hits="1" number="756"/>
						<line hits="1" number="758"/>
						<line branch="true" condition-coverage="100% (2/2)" hits="1" number="793"/>
						<line hits="1" number="794"/>
						<line hits="1" number="796"/>
						<line hits="1" number="799"/>
						<line hits="1" number="811"/>
						<line hits="1" number="812"/>
						<line hits="0" number="813"/>
						<line hits="1" number="814"/>
						<line hits="1" number="815"/>
						<line hits="1" number="817"/>
						<line hits="1" number="837"/>
						<line hits="1" number="840"/>
						<line hits="1" number="842"/>
						<line hits="1" number="861"/>
						<line hits="1" number="862"/>
						<line hits="1" number="863"/>
						<line hits="1" number="865"/>
						<line hits="1" number="866"/>
						<line hits="1" number="868"/>
						<line hits="1" number="870"/>
						<line branch="true" condition-coverage="100% (2/2)" hits="1" number="893"/>
						<line hits="1" number="894"/>
						<line hits="1" number="896"/>
						<line hits="1" number="898"/>
						<line hits="1" number="912"/>
						<line hits="1" number="913"/>
						<line hits="1" number="914"/>
						<line hits="1" number="915"/>
						<line hits="1" number="917"/>
						<line hits="1" number="924"/>
						<line hits="1" number="926"/>
						<line branch="true" condition-coverage="100% (2/2)" hits="1" number="929"/>
						<line branch="true" condition-coverage="100% (2/2)" hits="1" number="930"/>
						<line hits="1" number="931"/>
						<line hits="1" number="933"/>
						<line hits="1" number="935"/>
						<line branch="true" condition-coverage="50% (1/2)" hits="1" missing-branches="957" number="949"/>
						<line branch="true" condition-coverage="100% (2/2)" hits="1" number="950"/>
						<line hits="1" number="954"/>
						<line hits="1" number="955"/>
						<line hits="0" number="957"/>
						<line hits="1" number="959"/>
						<line branch="true" condition-coverage="100% (2/2)" hits="1" number="962"/>
						<line hits="1" number="967"/>
						<line hits="1" number="968"/>
						<line branch="true" condition-coverage="50% (1/2)" hits="1" missing-branches="992" number="991"/>
						<line hits="0" number="992"/>
						<line hits="0" number="995"/>
						<line hits="0" number="1000"/>
						<line hits="1" number="1004"/>
						<line hits="1" number="1006"/>
						<line hits="1" number="1007"/>
						<line hits="1" number="1008"/>
						<line hits="1" number="1009"/>
						<line hits="1" number="1010"/>
						<line hits="1" number="1012"/>
						<line hits="0" number="1014"/>
						<line hits="1" number="1016"/>
						<line hits="0" number="1018"/>
						<line hits="1" number="1020"/>
						<line branch="true" condition-coverage="0% (0/2)" hits="0" missing-branches="1022,1024" number="1021"/>
						<line branch="true" condition-coverage="0% (0/2)" hits="0" missing-branches="1021,1023" number="1022"/>
						<line hits="0" number="1023"/>
						<line hits="0" number="1024"/>
						<line hits="1" number="1026"/>
						<line hits="0" number="1027"/>
					</lines>
				</class>
				<class branch-rate="0.925" complexity="0" filename="core/statement.py" line-rate="0.9542" name="statement.py">
					<methods/>
					<lines>
						<line hits="1" number="4"/>
						<line hits="1" number="6"/>
						<line hits="1" number="7"/>
						<line hits="1" number="9"/>
						<line hits="1" number="10"/>
						<line hits="1" number="11"/>
						<line hits="1" number="12"/>
						<line hits="1" number="13"/>
						<line hits="1" number="15"/>
						<line hits="1" number="16"/>
						<line hits="1" number="19"/>
						<line hits="1" number="83"/>
						<line hits="1" number="92"/>
						<line hits="1" number="98"/>
						<line hits="1" number="107"/>
						<line hits="1" number="109"/>
						<line hits="1" number="110"/>
						<line hits="1" number="112"/>
						<line hits="1" number="113"/>
						<line hits="1" number="115"/>
						<line hits="1" number="116"/>
						<line hits="1" number="120"/>
						<line hits="1" number="121"/>
						<line hits="1" number="123"/>
						<line hits="1" number="124"/>
						<line hits="1" number="125"/>
						<line hits="1" number="126"/>
						<line hits="1" number="128"/>
						<line hits="1" number="129"/>
						<line hits="1" number="130"/>
						<line hits="1" number="131"/>
						<line hits="1" number="132"/>
						<line hits="1" number="134"/>
						<line hits="1" number="142"/>
						<line hits="1" number="144"/>
						<line branch="true" condition-coverage="100% (2/2)" hits="1" number="162"/>
						<line hits="1" number="163"/>
						<line branch="true" condition-coverage="100% (2/2)" hits="1" number="165"/>
						<line hits="1" number="166"/>
						<line branch="true" condition-coverage="100% (2/2)" hits="1" number="167"/>
						<line hits="1" number="168"/>
						<line hits="1" number="170"/>
						<line hits="1" number="171"/>
						<line hits="1" number="172"/>
						<line hits="1" number="173"/>
						<line hits="1" number="175"/>
						<line hits="1" number="177"/>
						<line hits="1" number="179"/>
						<line hits="1" number="181"/>
						<line hits="1" number="183"/>
						<line hits="1" number="192"/>
						<line hits="1" number="193"/>
						<line hits="1" number="194"/>
						<line hits="1" number="195"/>
						<line hits="1" number="201"/>
						<line hits="1" number="216"/>
						<line hits="1" number="220"/>
						<line branch="true" condition-coverage="100% (2/2)" hits="1" number="224"/>
						<line branch="true" condition-coverage="100% (2/2)" hits="1" number="225"/>
						<line hits="1" number="226"/>
						<line hits="1" number="227"/>
						<line branch="true" condition-coverage="100% (2/2)" hits="1" number="228"/>
						<line hits="1" number="229"/>
						<line hits="1" number="230"/>
						<line hits="1" number="232"/>
						<line hits="1" number="241"/>
						<line hits="1" number="242"/>
						<line hits="1" number="243"/>
						<line hits="1" number="245"/>
						<line hits="1" number="247"/>
						<line hits="1" number="249"/>
						<line hits="1" number="252"/>
						<line hits="1" number="254"/>
						<line hits="1" number="257"/>
						<line hits="1" number="259"/>
						<line hits="1" number="261"/>
						<line hits="1" number="273"/>
						<line branch="true" condition-coverage="100% (2/2)" hits="1" number="292"/>
						<line hits="1" number="293"/>
						<line branch="true" condition-coverage="100% (2/2)" hits="1" number="294"/>
						<line hits="1" number="295"/>
						<line branch="true" condition-coverage="100% (2/2)" hits="1" number="296"/>
						<line hits="1" number="297"/>
						<line branch="true" condition-coverage="100% (2/2)" hits="1" number="298"/>
						<line hits="1" number="299"/>
						<line hits="1" number="300"/>
						<line hits="1" number="302"/>
						<line branch="true" condition-coverage="100% (2/2)" hits="1" number="319"/>
						<line hits="1" number="320"/>
						<line branch="true" condition-coverage="50% (1/2)" hits="1" missing-branches="322" number="321"/>
						<line hits="0" number="322"/>
						<line branch="true" condition-coverage="50% (1/2)" hits="1" missing-branches="324" number="323"/>
						<line hits="0" number="324"/>
						<line branch="true" condition-coverage="100% (2/2)" hits="1" number="325"/>
						<line hits="1" number="326"/>
						<line hits="1" number="327"/>
						<line hits="1" number="329"/>
						<line hits="1" number="331"/>
						<line hits="1" number="333"/>
						<line hits="1" number="376"/>
						<line hits="1" number="377"/>
						<line branch="true" condition-coverage="50% (1/2)" hits="1" missing-branches="387" number="378"/>
						<line hits="1" number="379"/>
						<line hits="1" number="380"/>
						<line hits="1" number="381"/>
						<line hits="1" number="382"/>
						<line hits="1" number="383"/>
						<line hits="1" number="384"/>
						<line branch="true" condition-coverage="100% (2/2)" hits="1" number="387"/>
						<line hits="1" number="388"/>
						<line branch="true" condition-coverage="100% (2/2)" hits="1" number="391"/>
						<line hits="1" number="397"/>
						<line branch="true" condition-coverage="100% (2/2)" hits="1" number="403"/>
						<line hits="1" number="409"/>
						<line branch="true" condition-coverage="100% (2/2)" hits="1" number="415"/>
						<line hits="1" number="420"/>
						<line branch="true" condition-coverage="100% (2/2)" hits="1" number="428"/>
						<line hits="1" number="429"/>
						<line hits="1" number="431"/>
						<line hits="1" number="433"/>
[...]
						<line hits="1" number="6"/>
						<line hits="1" number="8"/>
						<line hits="1" number="10"/>
						<line hits="1" number="13"/>
						<line hits="1" number="16"/>
						<line hits="1" number="19"/>
						<line hits="1" number="22"/>
						<line hits="1" number="25"/>
						<line hits="1" number="29"/>
						<line hits="1" number="32"/>
						<line hits="1" number="39"/>
						<line hits="1" number="73"/>
						<line hits="1" number="76"/>
						<line hits="1" number="79"/>
						<line hits="1" number="82"/>
						<line hits="1" number="85"/>
						<line hits="1" number="88"/>
					</lines>
				</class>
				<class branch-rate="0.848" complexity="0" filename="core/cfg/script.py" line-rate="0.9302" name="script.py">
					<methods/>
					<lines>
						<line hits="1" number="4"/>
						<line hits="1" number="6"/>
						<line hits="1" number="7"/>
						<line hits="1" number="9"/>
						<line hits="1" number="10"/>
						<line hits="1" number="12"/>
						<line hits="1" number="13"/>
						<line hits="1" number="15"/>
						<line hits="1" number="18"/>
						<line hits="1" number="20"/>
						<line hits="1" number="23"/>
						<line hits="1" number="26"/>
						<line hits="1" number="29"/>
						<line hits="1" number="32"/>
						<line hits="1" number="37"/>
						<line hits="1" number="47"/>
						<line branch="true" condition-coverage="100% (2/2)" hits="1" number="48"/>
						<line branch="true" condition-coverage="100% (2/2)" hits="1" number="49"/>
						<line hits="1" number="50"/>
						<line hits="1" number="51"/>
						<line hits="1" number="52"/>
						<line hits="1" number="54"/>
						<line hits="1" number="68"/>
						<line hits="1" number="69"/>
						<line hits="1" number="71"/>
						<line branch="true" condition-coverage="100% (2/2)" hits="1" number="72"/>
						<line hits="1" number="73"/>
						<line hits="1" number="74"/>
						<line hits="1" number="76"/>
						<line hits="1" number="78"/>
						<line hits="1" number="79"/>
						<line hits="1" number="82"/>
						<line hits="1" number="84"/>
						<line hits="1" number="87"/>
						<line hits="1" number="90"/>
						<line hits="1" number="93"/>
						<line hits="1" number="99"/>
						<line hits="1" number="101"/>
						<line hits="1" number="104"/>
						<line hits="1" number="107"/>
						<line hits="1" number="110"/>
						<line hits="1" number="113"/>
						<line hits="1" number="118"/>
						<line hits="1" number="119"/>
						<line branch="true" condition-coverage="50% (1/2)" hits="1" missing-branches="exit" number="120"/>
						<line branch="true" condition-coverage="100% (2/2)" hits="1" number="121"/>
						<line hits="1" number="125"/>
						<line branch="true" condition-coverage="100% (2/2)" hits="1" number="127"/>
						<line hits="1" number="128"/>
						<line hits="1" number="129"/>
						<line hits="1" number="131"/>
						<line branch="true" condition-coverage="100% (2/2)" hits="1" number="132"/>
						<line branch="true" condition-coverage="100% (2/2)" hits="1" number="133"/>
						<line hits="1" number="134"/>
						<line hits="1" number="136"/>
						<line hits="1" number="138"/>
						<line hits="1" number="139"/>
						<line hits="1" number="140"/>
						<line hits="1" number="141"/>
						<line hits="1" number="142"/>
						<line hits="1" number="143"/>
						<line hits="1" number="145"/>
						<line branch="true" condition-coverage="50% (1/2)" hits="1" missing-branches="148" number="147"/>
						<line hits="0" number="148"/>
						<line hits="1" number="149"/>
						<line hits="1" number="150"/>
						<line hits="1" number="152"/>
						<line branch="true" condition-coverage="100% (2/2)" hits="1" number="154"/>
						<line hits="1" number="155"/>
						<line branch="true" condition-coverage="100% (2/2)" hits="1" number="156"/>
						<line hits="1" number="157"/>
						<line hits="1" number="158"/>
						<line hits="1" number="160"/>
						<line hits="0" number="161"/>
						<line hits="1" number="167"/>
						<line hits="1" number="169"/>
						<line hits="1" number="172"/>
						<line hits="1" number="175"/>
						<line hits="1" number="178"/>
						<line hits="1" number="181"/>
						<line hits="1" number="184"/>
						<line hits="1" number="189"/>
						<line hits="1" number="191"/>
						<line hits="1" number="193"/>
						<line branch="true" condition-coverage="100% (2/2)" hits="1" number="195"/>
						<line hits="1" number="196"/>
						<line hits="1" number="197"/>
						<line branch="true" condition-coverage="100% (2/2)" hits="1" number="200"/>
						<line hits="1" number="201"/>
						<line hits="1" number="203"/>
						<line branch="true" condition-coverage="50% (1/2)" hits="1" missing-branches="206" number="204"/>
						<line hits="1" number="205"/>
						<line hits="1" number="206"/>
						<line hits="1" number="208"/>
						<line hits="1" number="209"/>
						<line hits="1" number="211"/>
						<line hits="1" number="212"/>
						<line branch="true" condition-coverage="100% (2/2)" hits="1" number="213"/>
						<line hits="1" number="214"/>
						<line hits="1" number="215"/>
						<line hits="1" number="216"/>
						<line hits="1" number="217"/>
						<line hits="1" number="219"/>
						<line hits="1" number="220"/>
						<line branch="true" condition-coverage="100% (2/2)" hits="1" number="221"/>
						<line branch="true" condition-coverage="100% (2/2)" hits="1" number="222"/>
						<line hits="1" number="223"/>
						<line branch="true" condition-coverage="50% (1/2)" hits="1" missing-branches="exit" number="224"/>
						<line branch="true" condition-coverage="100% (2/2)" hits="1" number="225"/>
						<line hits="1" number="226"/>
						<line hits="1" number="228"/>
						<line branch="true" condition-coverage="100% (2/2)" hits="1" number="229"/>
						<line hits="1" number="231"/>
						<line hits="1" number="232"/>
						<line hits="1" number="233"/>
						<line branch="true" condition-coverage="100% (2/2)" hits="1" number="234"/>
						<line branch="true" condition-coverage="100% (2/2)" hits="1" number="235"/>
						<line branch="true" condition-coverage="100% (2/2)" hits="1" number="238"/>
						<line hits="1" number="239"/>
						<line hits="1" number="240"/>
						<line hits="1" number="242"/>
						<line hits="1" number="243"/>
						<line hits="1" number="244"/>
						<line branch="true" condition-coverage="100% (2/2)" hits="1" number="245"/>
						<line hits="1" number="246"/>
						<line branch="true" condition-coverage="100% (2/2)" hits="1" number="247"/>
						<line hits="1" number="248"/>
						<line branch="true" condition-coverage="50% (1/2)" hits="1" missing-branches="250" number="249"/>
						<line hits="0" number="250"/>
						<line hits="1" number="251"/>
						<line hits="1" number="253"/>
						<line branch="true" condition-coverage="100% (2/2)" hits="1" number="254"/>
						<line branch="true" condition-coverage="100% (2/2)" hits="1" number="255"/>
						<line hits="1" number="256"/>
						<line hits="1" number="257"/>
						<line hits="1" number="261"/>
						<line hits="1" number="263"/>
						<line hits="1" number="266"/>
						<line hits="1" number="269"/>
						<line hits="1" number="272"/>
						<line hits="1" number="278"/>
						<line hits="1" number="282"/>
						<line hits="1" number="285"/>
						<line hits="1" number="288"/>
						<line hits="1" number="291"/>
						<line hits="1" number="294"/>
						<line hits="1" number="297"/>
						<line hits="1" number="300"/>
						<line hits="1" number="303"/>
						<line hits="1" number="308"/>
						<line hits="1" number="314"/>
						<line branch="true" condition-coverage="50% (1/2)" hits="1" missing-branches="317" number="315"/>
						<line hits="1" number="316"/>
						<line branch="true" condition-coverage="0% (0/2)" hits="0" missing-branches="exit,318" number="317"/>
						<line hits="0" number="318"/>
						<line hits="1" number="321"/>
						<line hits="1" number="323"/>
						<line hits="1" number="326"/>
						<line hits="1" number="332"/>
						<line hits="1" number="334"/>
						<line hits="1" number="337"/>
						<line hits="1" number="340"/>
						<line hits="1" number="346"/>
						<line hits="1" number="348"/>
						<line hits="1" number="351"/>
						<line hits="1" number="354"/>
						<line hits="1" number="357"/>
						<line hits="1" number="360"/>
						<line hits="1" number="366"/>
						<line hits="1" number="368"/>
						<line hits="1" number="371"/>
						<line hits="1" number="374"/>
						<line hits="1" number="377"/>
						<line hits="1" number="383"/>
						<line hits="1" number="385"/>
						<line hits="1" number="388"/>
						<line hits="1" number="391"/>
						<line hits="1" number="394"/>
						<line hits="1" number="397"/>
						<line hits="1" number="402"/>
						<line branch="true" condition-coverage="100% (3/3)" hits="1" number="405"/>
						<line branch="true" condition-coverage="100% (2/2)" hits="1" number="406"/>
						<line hits="1" number="407"/>
						<line hits="1" number="408"/>
						<line hits="1" number="410"/>
						<line hits="1" number="412"/>
						<line hits="1" number="417"/>
						<line branch="true" condition-coverage="100% (2/2)" hits="1" number="419"/>
						<line hits="1" number="424"/>
						<line hits="1" number="426"/>
						<line hits="1" number="428"/>
						<line hits="1" number="430"/>
						<line hits="1" number="434"/>
						<line hits="1" number="436"/>
						<line hits="1" number="439"/>
						<line branch="true" condition-coverage="100% (2/2)" hits="1" number="440"/>
						<line hits="1" number="441"/>
						<line branch="true" condition-coverage="100% (2/2)" hits="1" number="442"/>
						<line hits="1" number="443"/>
						<line branch="true" condition-coverage="100% (2/2)" hits="1" number="444"/>
						<line hits="1" number="445"/>
						<line hits="1" number="447"/>
						<line hits="1" number="449"/>
						<line branch="true" condition-coverage="100% (2/2)" hits="1" number="453"/>
						<line branch="true" condition-coverage="100% (2/2)" hits="1" number="454"/>
						<line hits="1" number="456"/>
						<line hits="1" number="458"/>
						<line branch="true" condition-coverage="100% (2/2)" hits="1" number="459"/>
						<line hits="1" number="460"/>
						<line branch="true" condition-coverage="100% (2/2)" hits="1" number="461"/>
						<line hits="1" number="462"/>
						<line hits="1" number="465"/>
						<line hits="1" number="467"/>
						<line hits="1" number="484"/>
						<line hits="1" number="485"/>
						<line hits="1" number="486"/>
						<line hits="1" number="488"/>
						<line hits="0" number="489"/>
						<line hits="1" number="491"/>
						<line hits="1" number="505"/>
						<line hits="1" number="506"/>
						<line hits="1" number="507"/>
						<line branch="true" condition-coverage="50% (1/2)" hits="1" missing-branches="511" number="508"/>
						<line hits="1" number="509"/>
						<line hits="1" number="510"/>
						<line branch="true" condition-coverage="0% (0/2)" hits="0" missing-branches="512,513" number="511"/>
						<line hits="0" number="512"/>
						<line hits="0" number="513"/>
						<line hits="1" number="515"/>
						<line hits="1" number="519"/>
						<line hits="1" number="520"/>
						<line branch="true" condition-coverage="100% (2/2)" hits="1" number="522"/>
						<line branch="true" condition-coverage="100% (2/2)" hits="1" number="525"/>
						<line hits="1" number="528"/>
						<line branch="true" condition-coverage="50% (1/2)" hits="1" missing-branches="530" number="529"/>
						<line hits="0" number="530"/>
						<line branch="true" condition-coverage="100% (2/2)" hits="1" number="536"/>
						<line hits="0" number="537"/>
						<line hits="0" number="538"/>
						<line hits="1" number="540"/>
						<line hits="1" number="543"/>
						<line hits="1" number="544"/>
						<line branch="true" condition-coverage="100% (2/2)" hits="1" number="545"/>
						<line hits="0" number="549"/>
						<line hits="0" number="550"/>
						<line hits="1" number="552"/>
						<line branch="true" condition-coverage="0% (0/2)" hits="0" missing-branches="exit,559" number="558"/>
						<line hits="0" number="559"/>
						<line hits="0" number="563"/>
						<line hits="1" number="565"/>
						<line hits="1" number="567"/>
						<line hits="1" number="568"/>
						<line branch="true" condition-coverage="100% (2/2)" hits="1" number="569"/>
						<line hits="1" number="570"/>
						<line hits="1" number="572"/>
						<line hits="1" number="573"/>
						<line branch="true" condition-coverage="50% (1/2)" hits="1" missing-branches="575" number="574"/>
						<line hits="0" number="575"/>
						<line hits="1" number="581"/>
						<line hits="1" number="583"/>
						<line branch="true" condition-coverage="50% (1/2)" hits="1" missing-branches="587" number="586"/>
						<line hits="0" number="587"/>
						<line branch="true" condition-coverage="100% (2/2)" hits="1" number="588"/>
						<line hits="1" number="589"/>
						<line hits="1" number="591"/>
						<line hits="1" number="594"/>
						<line hits="1" number="595"/>
						<line hits="1" number="597"/>
						<line hits="1" number="600"/>
						<line branch="true" condition-coverage="50% (1/2)" hits="1" missing-branches="602" number="601"/>
						<line hits="0" number="602"/>
						<line hits="1" number="603"/>
						<line branch="true" condition-coverage="100% (2/2)" hits="1" number="604"/>
						<line hits="1" number="605"/>
						<line hits="1" number="607"/>
						<line hits="1" number="634"/>
						<line branch="true" condition-coverage="100% (2/2)" hits="1" number="635"/>
						<line hits="1" number="636"/>
						<line hits="1" number="637"/>
						<line hits="1" number="638"/>
						<line hits="1" number="640"/>
						<line hits="1" number="642"/>
						<line branch="true" condition-coverage="50% (1/2)" hits="1" missing-branches="644" number="643"/>
						<line hits="0" number="644"/>
						<line hits="1" number="648"/>
						<line hits="1" number="650"/>
						<line hits="1" number="657"/>
						<line hits="1" number="658"/>
						<line branch="true" condition-coverage="50% (1/2)" hits="1" missing-branches="671" number="659"/>
						<line hits="1" number="660"/>
						<line branch="true" condition-coverage="100% (2/2)" hits="1" number="668"/>
						<line hits="1" number="669"/>
						<line hits="1" number="670"/>
						<line hits="0" number="671"/>
						<line hits="1" number="673"/>
						<line hits="1" number="674"/>
						<line hits="1" number="702"/>
						<line branch="true" condition-coverage="100% (2/2)" hits="1" number="703"/>
						<line hits="1" number="704"/>
						<line branch="true" condition-coverage="100% (2/2)" hits="1" number="705"/>
						<line hits="1" number="706"/>
						<line hits="1" number="707"/>
						<line hits="1" number="709"/>
						<line hits="1" number="711"/>
						<line hits="1" number="712"/>
						<line hits="1" number="716"/>
						<line hits="1" number="717"/>
						<line hits="1" number="723"/>
						<line hits="1" number="724"/>
						<line hits="1" number="726"/>
						<line branch="true" condition-coverage="100% (2/2)" hits="1" number="747"/>
						<line hits="1" number="748"/>
						<line branch="true" condition-coverage="100% (2/2)" hits="1" number="750"/>
						<line hits="1" number="755"/>
						<line hits="1" number="758"/>
					</lines>
				</class>
				<class branch-rate="1" complexity="0" filename="core/cfg/sql.py" line-rate="1" name="sql.py">
					<methods/>
					<lines>
						<line hits="1" number="4"/>
						<line hits="1" number="6"/>
						<line hits="1" number="8"/>
						<line hits="1" number="10"/>
						<line hits="1" number="12"/>
						<line hits="1" number="15"/>
						<line hits="1" number="17"/>
						<line hits="1" number="20"/>
						<line hits="1" number="23"/>
						<line hits="1" number="26"/>
						<line hits="1" number="31"/>
						<line hits="1" number="33"/>
						<line hits="1" number="34"/>
						<line hits="1" number="35"/>
						<line hits="1" number="37"/>
						<line branch="true" condition-coverage="100% (2/2)" hits="1" number="39"/>
						<line branch="true" condition-coverage="100% (2/2)" hits="1" number="43"/>
					</lines>
				</class>
			</classes>
		</package>
		<package branch-rate="0.9286" complexity="0" line-rate="1" name="core.utils">
			<classes>
				<class branch-rate="1" complexity="0" filename="core/utils/__init__.py" line-rate="1" name="__init__.py">
					<methods/>
					<lines>
						<line hits="1" number="1"/>
						<line hits="1" number="2"/>
					</lines>
				</class>
				<class branch-rate="0.6667" complexity="0" filename="core/utils/console.py" line-rate="1" name="console.py">
					<methods/>
					<lines>
						<line hits="1" number="4"/>
						<line hits="1" number="6"/>
						<line hits="1" number="7"/>
						<line hits="1" number="10"/>
						<line hits="1" number="11"/>
						<line hits="1" number="12"/>
						<line hits="1" number="14"/>
						<line hits="1" number="15"/>
						<line hits="1" number="37"/>
						<line hits="1" number="38"/>
						<line hits="1" number="39"/>
						<line branch="true" condition-coverage="50% (1/2)" hits="1" missing-branches="44" number="40"/>
						<line branch="true" condition-coverage="50% (1/2)" hits="1" missing-branches="40" number="41"/>
						<line hits="1" number="42"/>
						<line hits="1" number="43"/>
						<line hits="1" number="44"/>
						<line hits="1" number="45"/>
						<line branch="true" condition-coverage="100% (2/2)" hits="1" number="46"/>
						<line hits="1" number="47"/>
						<line hits="1" number="48"/>
					</lines>
				</class>
				<class branch-rate="1" complexity="0" filename="core/utils/parsing.py" line-rate="1" name="parsing.py">
					<methods/>
					<lines>
						<line hits="1" number="5"/>
						<line hits="1" number="8"/>
						<line hits="1" number="10"/>
						<line hits="1" number="13"/>
						<line hits="1" number="17"/>
						<line branch="true" condition-coverage="100% (2/2)" hits="1" number="18"/>
						<line branch="true" condition-coverage="100% (2/2)" hits="1" number="19"/>
						<line branch="true" condition-coverage="100% (2/2)" hits="1" number="20"/>
						<line branch="true" condition-coverage="100% (2/2)" hits="1" number="21"/>
						<line branch="true" condition-coverage="100% (2/2)" hits="1" number="22"/>
						<line branch="true" condition-coverage="100% (2/2)" hits="1" number="23"/>
						<line hits="1" number="24"/>
						<line hits="1" number="39"/>
						<line hits="1" number="74"/>
						<line hits="1" number="75"/>
						<line hits="1" number="76"/>
						<line hits="1" number="77"/>
						<line hits="1" number="79"/>
						<line branch="true" condition-coverage="100% (2/2)" hits="1" number="80"/>
						<line branch="true" condition-coverage="100% (2/2)" hits="1" number="81"/>
						<line hits="1" number="82"/>
						<line hits="1" number="83"/>
						<line hits="1" number="85"/>
						<line hits="1" number="86"/>
						<line hits="1" number="87"/>
						<line hits="1" number="89"/>
						<line hits="1" number="91"/>
						<line hits="1" number="94"/>
						<line hits="1" number="96"/>
						<line branch="true" condition-coverage="100% (2/2)" hits="1" number="97"/>
						<line branch="true" condition-coverage="100% (2/2)" hits="1" number="98"/>
						<line hits="1" number="99"/>
						<line branch="true" condition-coverage="100% (2/2)" hits="1" number="100"/>
						<line hits="1" number="101"/>
						<line hits="1" number="103"/>
						<line hits="1" number="104"/>
					</lines>
				</class>
			</classes>
		</package>
	</packages>
</coverage>
